# JRE version: Java(TM) SE Runtime Environment (8.0_241-b07) (build 1.8.0_241-b07)
# Java VM: Java HotSpot(TM) 64-Bit Server VM (25.241-b07 mixed mode windows-amd64 compressed oops)
Heap:
 PSYoungGen      total 211968K, used 39005K [0x00000000d5d00000, 0x00000000e4180000, 0x0000000100000000)
  eden space 197120K, 19% used [0x00000000d5d00000,0x00000000d82aa288,0x00000000e1d80000)
  from space 14848K, 2% used [0x00000000e2d80000,0x00000000e2ded3c8,0x00000000e3c00000)
  to   space 16384K, 0% used [0x00000000e1d80000,0x00000000e1d80000,0x00000000e2d80000)
 ParOldGen       total 221696K, used 90996K [0x0000000081600000, 0x000000008ee80000, 0x00000000d5d00000)
  object space 221696K, 41% used [0x0000000081600000,0x0000000086edd390,0x000000008ee80000)
 Metaspace       used 55109K, capacity 58000K, committed 58288K, reserved 1099776K
  class space    used 7370K, capacity 8028K, committed 8112K, reserved 1048576K
GC Heap History (10 events):
Event: 6.745 GC heap before
{Heap before GC invocations=9 (full 1):
 PSYoungGen      total 140288K, used 108197K [0x00000000d5d00000, 0x00000000e1080000, 0x0000000100000000)
  eden space 131072K, 75% used [0x00000000d5d00000,0x00000000dbda9c18,0x00000000ddd00000)
  from space 9216K, 99% used [0x00000000ddd00000,0x00000000de5ffa28,0x00000000de600000)
  to   space 10752K, 0% used [0x00000000e0600000,0x00000000e0600000,0x00000000e1080000)
 ParOldGen       total 57856K, used 8836K [0x0000000081600000, 0x0000000084e80000, 0x00000000d5d00000)
  object space 57856K, 15% used [0x0000000081600000,0x0000000081ea1118,0x0000000084e80000)
 Metaspace       used 33880K, capacity 35402K, committed 35496K, reserved 1081344K
  class space    used 4366K, capacity 4651K, committed 4656K, reserved 1048576K
Event: 6.763 GC heap after
Heap after GC invocations=9 (full 1):
 PSYoungGen      total 172032K, used 9704K [0x00000000d5d00000, 0x00000000e3d00000, 0x0000000100000000)
  eden space 161280K, 0% used [0x00000000d5d00000,0x00000000d5d00000,0x00000000dfa80000)
  from space 10752K, 90% used [0x00000000e0600000,0x00000000e0f7a098,0x00000000e1080000)
  to   space 11776K, 0% used [0x00000000dfa80000,0x00000000dfa80000,0x00000000e0600000)
 ParOldGen       total 57856K, used 8836K [0x0000000081600000, 0x0000000084e80000, 0x00000000d5d00000)
  object space 57856K, 15% used [0x0000000081600000,0x0000000081ea1118,0x0000000084e80000)
 Metaspace       used 33880K, capacity 35402K, committed 35496K, reserved 1081344K
  class space    used 4366K, capacity 4651K, committed 4656K, reserved 1048576K
}
Event: 6.763 GC heap before
{Heap before GC invocations=10 (full 2):
 PSYoungGen      total 172032K, used 9704K [0x00000000d5d00000, 0x00000000e3d00000, 0x0000000100000000)
  eden space 161280K, 0% used [0x00000000d5d00000,0x00000000d5d00000,0x00000000dfa80000)
  from space 10752K, 90% used [0x00000000e0600000,0x00000000e0f7a098,0x00000000e1080000)
  to   space 11776K, 0% used [0x00000000dfa80000,0x00000000dfa80000,0x00000000e0600000)
 ParOldGen       total 57856K, used 8836K [0x0000000081600000, 0x0000000084e80000, 0x00000000d5d00000)
  object space 57856K, 15% used [0x0000000081600000,0x0000000081ea1118,0x0000000084e80000)
 Metaspace       used 33880K, capacity 35402K, committed 35496K, reserved 1081344K
  class space    used 4366K, capacity 4651K, committed 4656K, reserved 1048576K
Event: 6.875 GC heap after
Heap after GC invocations=10 (full 2):
 PSYoungGen      total 172032K, used 0K [0x00000000d5d00000, 0x00000000e3d00000, 0x0000000100000000)
  eden space 161280K, 0% used [0x00000000d5d00000,0x00000000d5d00000,0x00000000dfa80000)
  from space 10752K, 0% used [0x00000000e0600000,0x00000000e0600000,0x00000000e1080000)
  to   space 11776K, 0% used [0x00000000dfa80000,0x00000000dfa80000,0x00000000e0600000)
 ParOldGen       total 91136K, used 14497K [0x0000000081600000, 0x0000000086f00000, 0x00000000d5d00000)
  object space 91136K, 15% used [0x0000000081600000,0x0000000082428708,0x0000000086f00000)
 Metaspace       used 33880K, capacity 35402K, committed 35496K, reserved 1081344K
  class space    used 4366K, capacity 4651K, committed 4656K, reserved 1048576K
}
Event: 9.278 GC heap before
{Heap before GC invocations=11 (full 2):
 PSYoungGen      total 172032K, used 161280K [0x00000000d5d00000, 0x00000000e3d00000, 0x0000000100000000)
  eden space 161280K, 100% used [0x00000000d5d00000,0x00000000dfa80000,0x00000000dfa80000)
  from space 10752K, 0% used [0x00000000e0600000,0x00000000e0600000,0x00000000e1080000)
  to   space 11776K, 0% used [0x00000000dfa80000,0x00000000dfa80000,0x00000000e0600000)
 ParOldGen       total 91136K, used 14497K [0x0000000081600000, 0x0000000086f00000, 0x00000000d5d00000)
  object space 91136K, 15% used [0x0000000081600000,0x0000000082428708,0x0000000086f00000)
 Metaspace       used 47670K, capacity 49936K, committed 50096K, reserved 1093632K
  class space    used 6234K, capacity 6808K, committed 6832K, reserved 1048576K
Event: 9.293 GC heap after
Heap after GC invocations=11 (full 2):
 PSYoungGen      total 173056K, used 11761K [0x00000000d5d00000, 0x00000000e3c00000, 0x0000000100000000)
  eden space 161280K, 0% used [0x00000000d5d00000,0x00000000d5d00000,0x00000000dfa80000)
  from space 11776K, 99% used [0x00000000dfa80000,0x00000000e05fc668,0x00000000e0600000)
  to   space 14848K, 0% used [0x00000000e2d80000,0x00000000e2d80000,0x00000000e3c00000)
 ParOldGen       total 91136K, used 18994K [0x0000000081600000, 0x0000000086f00000, 0x00000000d5d00000)
  object space 91136K, 20% used [0x0000000081600000,0x000000008288c800,0x0000000086f00000)
 Metaspace       used 47670K, capacity 49936K, committed 50096K, reserved 1093632K
  class space    used 6234K, capacity 6808K, committed 6832K, reserved 1048576K
}
Event: 12.627 GC heap before
{Heap before GC invocations=12 (full 2):
 PSYoungGen      total 173056K, used 173041K [0x00000000d5d00000, 0x00000000e3c00000, 0x0000000100000000)
  eden space 161280K, 100% used [0x00000000d5d00000,0x00000000dfa80000,0x00000000dfa80000)
  from space 11776K, 99% used [0x00000000dfa80000,0x00000000e05fc668,0x00000000e0600000)
  to   space 14848K, 0% used [0x00000000e2d80000,0x00000000e2d80000,0x00000000e3c00000)
 ParOldGen       total 91136K, used 18994K [0x0000000081600000, 0x0000000086f00000, 0x00000000d5d00000)
  object space 91136K, 20% used [0x0000000081600000,0x000000008288c800,0x0000000086f00000)
 Metaspace       used 54518K, capacity 57328K, committed 57648K, reserved 1099776K
  class space    used 7270K, capacity 7936K, committed 7984K, reserved 1048576K
Event: 12.695 GC heap after
Heap after GC invocations=12 (full 2):
 PSYoungGen      total 211968K, used 13269K [0x00000000d5d00000, 0x00000000e4180000, 0x0000000100000000)
  eden space 197120K, 0% used [0x00000000d5d00000,0x00000000d5d00000,0x00000000e1d80000)
  from space 14848K, 89% used [0x00000000e2d80000,0x00000000e3a75660,0x00000000e3c00000)
  to   space 16384K, 0% used [0x00000000e1d80000,0x00000000e1d80000,0x00000000e2d80000)
 ParOldGen       total 91136K, used 84538K [0x0000000081600000, 0x0000000086f00000, 0x00000000d5d00000)
  object space 91136K, 92% used [0x0000000081600000,0x000000008688e840,0x0000000086f00000)
 Metaspace       used 54518K, capacity 57328K, committed 57648K, reserved 1099776K
  class space    used 7270K, capacity 7936K, committed 7984K, reserved 1048576K
}
Event: 12.695 GC heap before
{Heap before GC invocations=13 (full 3):
 PSYoungGen      total 211968K, used 13269K [0x00000000d5d00000, 0x00000000e4180000, 0x0000000100000000)
  eden space 197120K, 0% used [0x00000000d5d00000,0x00000000d5d00000,0x00000000e1d80000)
  from space 14848K, 89% used [0x00000000e2d80000,0x00000000e3a75660,0x00000000e3c00000)
  to   space 16384K, 0% used [0x00000000e1d80000,0x00000000e1d80000,0x00000000e2d80000)
 ParOldGen       total 91136K, used 84538K [0x0000000081600000, 0x0000000086f00000, 0x00000000d5d00000)
  object space 91136K, 92% used [0x0000000081600000,0x000000008688e840,0x0000000086f00000)
 Metaspace       used 54518K, capacity 57328K, committed 57648K, reserved 1099776K
  class space    used 7270K, capacity 7936K, committed 7984K, reserved 1048576K
Event: 12.935 GC heap after
Heap after GC invocations=13 (full 3):
 PSYoungGen      total 211968K, used 436K [0x00000000d5d00000, 0x00000000e4180000, 0x0000000100000000)
  eden space 197120K, 0% used [0x00000000d5d00000,0x00000000d5d00000,0x00000000e1d80000)
  from space 14848K, 2% used [0x00000000e2d80000,0x00000000e2ded3c8,0x00000000e3c00000)
  to   space 16384K, 0% used [0x00000000e1d80000,0x00000000e1d80000,0x00000000e2d80000)
 ParOldGen       total 221696K, used 90996K [0x0000000081600000, 0x000000008ee80000, 0x00000000d5d00000)
  object space 221696K, 41% used [0x0000000081600000,0x0000000086edd390,0x000000008ee80000)
 Metaspace       used 54518K, capacity 57328K, committed 57648K, reserved 1099776K
  class space    used 7270K, capacity 7936K, committed 7984K, reserved 1048576K
}

