# JRE version: Java(TM) SE Runtime Environment (8.0_241-b07) (build 1.8.0_241-b07)
# Java VM: Java HotSpot(TM) 64-Bit Server VM (25.241-b07 mixed mode windows-amd64 compressed oops)
Heap:
 PSYoungGen      total 232960K, used 148953K [0x00000000d5d00000, 0x00000000e5080000, 0x0000000100000000)
  eden space 220672K, 61% used [0x00000000d5d00000,0x00000000de294f70,0x00000000e3480000)
  from space 12288K, 99% used [0x00000000e4480000,0x00000000e5061778,0x00000000e5080000)
  to   space 13824K, 40% used [0x00000000e3580000,0x00000000e3af25c8,0x00000000e4300000)
 ParOldGen       total 83456K, used 69712K [0x0000000081600000, 0x0000000086780000, 0x00000000d5d00000)
  object space 83456K, 83% used [0x0000000081600000,0x0000000085a14338,0x0000000086780000)
 Metaspace       used 56136K, capacity 59009K, committed 59028K, reserved 1099776K
  class space    used 7388K, capacity 8067K, committed 8084K, reserved 1048576K
GC Heap History (10 events):
Event: 8.417 GC heap after
Heap after GC invocations=11 (full 1):
 PSYoungGen      total 162816K, used 3360K [0x00000000d5d00000, 0x00000000e1a00000, 0x0000000100000000)
  eden space 152576K, 0% used [0x00000000d5d00000,0x00000000d5d00000,0x00000000df200000)
  from space 10240K, 32% used [0x00000000dfc80000,0x00000000dffc8020,0x00000000e0680000)
  to   space 10752K, 0% used [0x00000000df200000,0x00000000df200000,0x00000000dfc80000)
 ParOldGen       total 51200K, used 13024K [0x0000000081600000, 0x0000000084800000, 0x00000000d5d00000)
  object space 51200K, 25% used [0x0000000081600000,0x00000000822b8060,0x0000000084800000)
 Metaspace       used 33817K, capacity 35381K, committed 35416K, reserved 1081344K
  class space    used 4304K, capacity 4608K, committed 4608K, reserved 1048576K
}
Event: 8.417 GC heap before
{Heap before GC invocations=12 (full 2):
 PSYoungGen      total 162816K, used 3360K [0x00000000d5d00000, 0x00000000e1a00000, 0x0000000100000000)
  eden space 152576K, 0% used [0x00000000d5d00000,0x00000000d5d00000,0x00000000df200000)
  from space 10240K, 32% used [0x00000000dfc80000,0x00000000dffc8020,0x00000000e0680000)
  to   space 10752K, 0% used [0x00000000df200000,0x00000000df200000,0x00000000dfc80000)
 ParOldGen       total 51200K, used 13024K [0x0000000081600000, 0x0000000084800000, 0x00000000d5d00000)
  object space 51200K, 25% used [0x0000000081600000,0x00000000822b8060,0x0000000084800000)
 Metaspace       used 33817K, capacity 35381K, committed 35416K, reserved 1081344K
  class space    used 4304K, capacity 4608K, committed 4608K, reserved 1048576K
Event: 8.520 GC heap after
Heap after GC invocations=12 (full 2):
 PSYoungGen      total 162816K, used 0K [0x00000000d5d00000, 0x00000000e1a00000, 0x0000000100000000)
  eden space 152576K, 0% used [0x00000000d5d00000,0x00000000d5d00000,0x00000000df200000)
  from space 10240K, 0% used [0x00000000dfc80000,0x00000000dfc80000,0x00000000e0680000)
  to   space 10752K, 0% used [0x00000000df200000,0x00000000df200000,0x00000000dfc80000)
 ParOldGen       total 66560K, used 12533K [0x0000000081600000, 0x0000000085700000, 0x00000000d5d00000)
  object space 66560K, 18% used [0x0000000081600000,0x000000008223d480,0x0000000085700000)
 Metaspace       used 33817K, capacity 35381K, committed 35416K, reserved 1081344K
  class space    used 4304K, capacity 4608K, committed 4608K, reserved 1048576K
}
Event: 10.900 GC heap before
{Heap before GC invocations=13 (full 2):
 PSYoungGen      total 162816K, used 152576K [0x00000000d5d00000, 0x00000000e1a00000, 0x0000000100000000)
  eden space 152576K, 100% used [0x00000000d5d00000,0x00000000df200000,0x00000000df200000)
  from space 10240K, 0% used [0x00000000dfc80000,0x00000000dfc80000,0x00000000e0680000)
  to   space 10752K, 0% used [0x00000000df200000,0x00000000df200000,0x00000000dfc80000)
 ParOldGen       total 66560K, used 12533K [0x0000000081600000, 0x0000000085700000, 0x00000000d5d00000)
  object space 66560K, 18% used [0x0000000081600000,0x000000008223d480,0x0000000085700000)
 Metaspace       used 42951K, capacity 44959K, committed 45184K, reserved 1089536K
  class space    used 5469K, capacity 5910K, committed 6016K, reserved 1048576K
Event: 10.922 GC heap after
Heap after GC invocations=13 (full 2):
 PSYoungGen      total 163328K, used 10734K [0x00000000d5d00000, 0x00000000e5080000, 0x0000000100000000)
  eden space 152576K, 0% used [0x00000000d5d00000,0x00000000d5d00000,0x00000000df200000)
  from space 10752K, 99% used [0x00000000df200000,0x00000000dfc7b990,0x00000000dfc80000)
  to   space 12288K, 0% used [0x00000000e4480000,0x00000000e4480000,0x00000000e5080000)
 ParOldGen       total 66560K, used 13693K [0x0000000081600000, 0x0000000085700000, 0x00000000d5d00000)
  object space 66560K, 20% used [0x0000000081600000,0x000000008235f7c0,0x0000000085700000)
 Metaspace       used 42951K, capacity 44959K, committed 45184K, reserved 1089536K
  class space    used 5469K, capacity 5910K, committed 6016K, reserved 1048576K
}
Event: 15.181 GC heap before
{Heap before GC invocations=14 (full 2):
 PSYoungGen      total 163328K, used 158503K [0x00000000d5d00000, 0x00000000e5080000, 0x0000000100000000)
  eden space 152576K, 96% used [0x00000000d5d00000,0x00000000ded4e450,0x00000000df200000)
  from space 10752K, 99% used [0x00000000df200000,0x00000000dfc7b990,0x00000000dfc80000)
  to   space 12288K, 0% used [0x00000000e4480000,0x00000000e4480000,0x00000000e5080000)
 ParOldGen       total 66560K, used 13693K [0x0000000081600000, 0x0000000085700000, 0x00000000d5d00000)
  object space 66560K, 20% used [0x0000000081600000,0x000000008235f7c0,0x0000000085700000)
 Metaspace       used 53751K, capacity 56121K, committed 56320K, reserved 1097728K
  class space    used 7045K, capacity 7649K, committed 7680K, reserved 1048576K
Event: 15.222 GC heap after
Heap after GC invocations=14 (full 2):
 PSYoungGen      total 232960K, used 12165K [0x00000000d5d00000, 0x00000000e5080000, 0x0000000100000000)
  eden space 220672K, 0% used [0x00000000d5d00000,0x00000000d5d00000,0x00000000e3480000)
  from space 12288K, 99% used [0x00000000e4480000,0x00000000e5061778,0x00000000e5080000)
  to   space 13824K, 0% used [0x00000000e3580000,0x00000000e3580000,0x00000000e4300000)
 ParOldGen       total 66560K, used 34379K [0x0000000081600000, 0x0000000085700000, 0x00000000d5d00000)
  object space 66560K, 51% used [0x0000000081600000,0x0000000083792fc0,0x0000000085700000)
 Metaspace       used 53751K, capacity 56121K, committed 56320K, reserved 1097728K
  class space    used 7045K, capacity 7649K, committed 7680K, reserved 1048576K
}
Event: 18.082 GC heap before
{Heap before GC invocations=15 (full 2):
 PSYoungGen      total 232960K, used 148953K [0x00000000d5d00000, 0x00000000e5080000, 0x0000000100000000)
  eden space 220672K, 61% used [0x00000000d5d00000,0x00000000de294f70,0x00000000e3480000)
  from space 12288K, 99% used [0x00000000e4480000,0x00000000e5061778,0x00000000e5080000)
  to   space 13824K, 0% used [0x00000000e3580000,0x00000000e3580000,0x00000000e4300000)
 ParOldGen       total 66560K, used 34379K [0x0000000081600000, 0x0000000085700000, 0x00000000d5d00000)
  object space 66560K, 51% used [0x0000000081600000,0x0000000083792fc0,0x0000000085700000)
 Metaspace       used 56136K, capacity 59009K, committed 59028K, reserved 1099776K
  class space    used 7388K, capacity 8067K, committed 8084K, reserved 1048576K
Event: 18.265 GC heap after
Heap after GC invocations=15 (full 2):
 PSYoungGen      total 232960K, used 148953K [0x00000000d5d00000, 0x00000000e5080000, 0x0000000100000000)
  eden space 220672K, 61% used [0x00000000d5d00000,0x00000000de294f70,0x00000000e3480000)
  from space 12288K, 99% used [0x00000000e4480000,0x00000000e5061778,0x00000000e5080000)
  to   space 13824K, 40% used [0x00000000e3580000,0x00000000e3af25c8,0x00000000e4300000)
 ParOldGen       total 83456K, used 69712K [0x0000000081600000, 0x0000000086780000, 0x00000000d5d00000)
  object space 83456K, 83% used [0x0000000081600000,0x0000000085a14338,0x0000000086780000)
 Metaspace       used 56136K, capacity 59009K, committed 59028K, reserved 1099776K
  class space    used 7388K, capacity 8067K, committed 8084K, reserved 1048576K
}
Event: 18.265 GC heap before
{Heap before GC invocations=16 (full 3):
 PSYoungGen      total 232960K, used 148953K [0x00000000d5d00000, 0x00000000e5080000, 0x0000000100000000)
  eden space 220672K, 61% used [0x00000000d5d00000,0x00000000de294f70,0x00000000e3480000)
  from space 12288K, 99% used [0x00000000e4480000,0x00000000e5061778,0x00000000e5080000)
  to   space 13824K, 40% used [0x00000000e3580000,0x00000000e3af25c8,0x00000000e4300000)
 ParOldGen       total 83456K, used 69712K [0x0000000081600000, 0x0000000086780000, 0x00000000d5d00000)
  object space 83456K, 83% used [0x0000000081600000,0x0000000085a14338,0x0000000086780000)
 Metaspace       used 56136K, capacity 59009K, committed 59028K, reserved 1099776K
  class space    used 7388K, capacity 8067K, committed 8084K, reserved 1048576K

